<?xml version="1.0" encoding="UTF-8"?>
<!-- Generated by org.testng.reporters.JUnitXMLReporter -->
<testsuite ignored="0" hostname="Monishas-MacBook-Air.local" failures="0" tests="3" name="AddSearchedProductsToCart_Login Testing" time="80.694" errors="0" timestamp="2025-09-16T09:08:47 IST">
  <testcase classname="testcases.SearchingProducts" name="searchforProducts" time="43.256"/>
  <testcase classname="testcases.SearchingProducts" name="loginusingvalidcredentials" time="17.917"/>
  <testcase classname="testcases.SearchingProducts" name="cartvaliadtion" time="1.88"/>
</testsuite> <!-- AddSearchedProductsToCart_Login Testing -->
