<?xml version="1.0" encoding="UTF-8"?>
<!-- Generated by org.testng.reporters.JUnitXMLReporter -->
<testsuite ignored="0" hostname="Monishas-MacBook-Air.local" failures="0" tests="3" name="LoginUserCorrectCredentials" time="54.924" errors="0" timestamp="2025-08-26T08:29:15 IST">
  <testcase classname="testcases.LoginUserCorrectCredentials" name="ishomepagevisible" time="8.431"/>
  <testcase classname="testcases.LoginUserCorrectCredentials" name="login" time="19.232"/>
  <testcase classname="testcases.LoginUserCorrectCredentials" name="deleteaccount" time="10.66"/>
</testsuite> <!-- LoginUserCorrectCredentials -->
