<?xml version="1.0" encoding="UTF-8"?>
<!-- Generated by org.testng.reporters.JUnitXMLReporter -->
<testsuite ignored="0" hostname="Monishas-MacBook-Air.local" failures="0" tests="6" name="RegisterNLoginuser" time="159.068" errors="0" timestamp="2025-10-18T19:07:03 IST">
  <testcase classname="com.automationexercise.testcases.RegisterNLoginTests" name="registeringNewUserTest" time="74.438"/>
  <testcase classname="com.automationexercise.testcases.RegisterNLoginTests" name="signInUserTest" time="18.076"/>
  <testcase classname="com.automationexercise.testcases.RegisterNLoginTests" name="registerUsingExistingMailTest" time="6.3"/>
  <testcase classname="com.automationexercise.testcases.RegisterNLoginTests" name="deleteAccountTest" time="12.097"/>
  <testcase classname="com.automationexercise.testcases.RegisterNLoginTests" name="loginUsingInvalidValueTest" time="16.89"/>
  <testcase classname="com.automationexercise.testcases.RegisterNLoginTests" name="loginUsingInvalidValueTest" time="7.33"/>
</testsuite> <!-- RegisterNLoginuser -->
