<?xml version="1.0" encoding="UTF-8"?>
<!-- Generated by org.testng.reporters.JUnitXMLReporter -->
<testsuite ignored="0" hostname="Monishas-MacBook-Air.local" failures="0" tests="6" name="Registeruser-chrome" time="96.132" errors="0" timestamp="2025-08-26T07:51:09 IST">
  <testcase classname="testcases.RegisterLoginUser" name="homepagevalidation" time="10.032"/>
  <testcase classname="testcases.RegisterLoginUser" name="loginpagevalidation" time="9.869"/>
  <testcase classname="testcases.RegisterLoginUser" name="accountcreationpagevalidation" time="25.078"/>
  <testcase classname="testcases.RegisterLoginUser" name="accountcreatedsuccessfully" time="16.304"/>
  <testcase classname="testcases.RegisterLoginUser" name="loginedinverification" time="2.417"/>
  <testcase classname="testcases.RegisterLoginUser" name="deleteaccount" time="16.577"/>
</testsuite> <!-- Registeruser-chrome -->
