<?xml version="1.0" encoding="UTF-8"?>
<!-- Generated by org.testng.reporters.JUnitXMLReporter -->
<testsuite ignored="0" hostname="Monishas-MacBook-Air.local" failures="0" tests="3" name="AddSearchedProductsToCart_Login Testing" time="22.923" errors="0" timestamp="2025-09-17T08:44:27 IST">
  <testcase classname="testcases.SearchingProducts" name="searchforProducts" time="12.919"/>
  <testcase classname="testcases.SearchingProducts" name="loginusingvalidcredentials" time="5.372"/>
  <testcase classname="testcases.SearchingProducts" name="cartvaliadtion" time="0.01"/>
</testsuite> <!-- AddSearchedProductsToCart_Login Testing -->
