<?xml version="1.0" encoding="UTF-8"?>
<testng-results ignored="0" total="7" passed="7" failed="0" skipped="0">
  <reporter-output>
  </reporter-output>
  <suite started-at="2025-10-18T19:04:24 IST" name="Mainsuite" finished-at="2025-10-18T19:07:03 IST" duration-ms="159068">
    <groups>
    </groups>
    <test started-at="2025-10-18T19:04:24 IST" name="ContactUsForm" finished-at="2025-10-18T19:05:31 IST" duration-ms="67180">
      <class name="com.automationexercise.testcases.ContactUsTests">
        <test-method is-config="true" signature="setup()[pri:0, instance:com.automationexercise.testcases.ContactUsTests@17f7cd29]" started-at="2025-10-18T19:04:24 IST" name="setup" finished-at="2025-10-18T19:04:48 IST" duration-ms="24548" status="PASS">
          <reporter-output>
          </reporter-output>
        </test-method> <!-- setup -->
        <test-method signature="contactUsformvalidation(java.lang.String,java.lang.String,java.lang.String,java.lang.String,java.lang.String)[pri:0, instance:com.automationexercise.testcases.ContactUsTests@17f7cd29]" started-at="2025-10-18T19:04:48 IST" name="contactUsformvalidation" data-provider="contactUsForm" finished-at="2025-10-18T19:05:31 IST" duration-ms="42145" status="PASS">
          <params>
            <param index="0">
              <value>
                <![CDATA[Rudra]]>
              </value>
            </param>
            <param index="1">
              <value>
                <![CDATA[rudra@gmail.com]]>
              </value>
            </param>
            <param index="2">
              <value>
                <![CDATA[QuickReminder]]>
              </value>
            </param>
            <param index="3">
              <value>
                <![CDATA[You are doing amazing. 1.5L/month job is on your lap by oct 2025. Not just that but several offers are on your lap by then]]>
              </value>
            </param>
            <param index="4">
              <value>
                <![CDATA[/src/main/resources/Sample1.pdf]]>
              </value>
            </param>
          </params>
          <reporter-output>
          </reporter-output>
        </test-method> <!-- contactUsformvalidation -->
        <test-method is-config="true" signature="teardown()[pri:0, instance:com.automationexercise.testcases.ContactUsTests@17f7cd29]" started-at="2025-10-18T19:05:31 IST" name="teardown" finished-at="2025-10-18T19:05:31 IST" duration-ms="469" status="PASS">
          <reporter-output>
          </reporter-output>
        </test-method> <!-- teardown -->
      </class> <!-- com.automationexercise.testcases.ContactUsTests -->
    </test> <!-- ContactUsForm -->
    <test started-at="2025-10-18T19:04:24 IST" name="RegisterNLoginuser" finished-at="2025-10-18T19:07:03 IST" duration-ms="159068">
      <class name="com.automationexercise.testcases.RegisterNLoginTests">
        <test-method is-config="true" signature="setup()[pri:0, instance:com.automationexercise.testcases.RegisterNLoginTests@1fa121e2]" started-at="2025-10-18T19:04:24 IST" name="setup" finished-at="2025-10-18T19:04:48 IST" duration-ms="23742" status="PASS">
          <reporter-output>
          </reporter-output>
        </test-method> <!-- setup -->
        <test-method signature="registeringNewUserTest(java.lang.String,java.lang.String,java.lang.String,java.lang.String,java.lang.String,java.lang.String,java.lang.String,java.lang.String,java.lang.String,java.lang.String,java.lang.String,java.lang.String,java.lang.String,java.lang.String,java.lang.String,java.lang.String)[pri:0, instance:com.automationexercise.testcases.RegisterNLoginTests@1fa121e2]" started-at="2025-10-18T19:04:48 IST" name="registeringNewUserTest" data-provider="registerAccountDetails" finished-at="2025-10-18T19:06:02 IST" duration-ms="74438" status="PASS">
          <params>
            <param index="0">
              <value>
                <![CDATA[Rudra]]>
              </value>
            </param>
            <param index="1">
              <value>
                <![CDATA[rudra@gmail.com]]>
              </value>
            </param>
            <param index="2">
              <value>
                <![CDATA[newpassword123]]>
              </value>
            </param>
            <param index="3">
              <value>
                <![CDATA[12]]>
              </value>
            </param>
            <param index="4">
              <value>
                <![CDATA[October]]>
              </value>
            </param>
            <param index="5">
              <value>
                <![CDATA[1997]]>
              </value>
            </param>
            <param index="6">
              <value>
                <![CDATA[Rudra]]>
              </value>
            </param>
            <param index="7">
              <value>
                <![CDATA[Chelas]]>
              </value>
            </param>
            <param index="8">
              <value>
                <![CDATA[Riskit]]>
              </value>
            </param>
            <param index="9">
              <value>
                <![CDATA[Whitefield]]>
              </value>
            </param>
            <param index="10">
              <value>
                <![CDATA[Bengaluru]]>
              </value>
            </param>
            <param index="11">
              <value>
                <![CDATA[Karnataka]]>
              </value>
            </param>
            <param index="12">
              <value>
                <![CDATA[Bengaluru]]>
              </value>
            </param>
            <param index="13">
              <value>
                <![CDATA[560066]]>
              </value>
            </param>
            <param index="14">
              <value>
                <![CDATA[1234567890]]>
              </value>
            </param>
            <param index="15">
              <value>
                <![CDATA[United States]]>
              </value>
            </param>
          </params>
          <reporter-output>
          </reporter-output>
        </test-method> <!-- registeringNewUserTest -->
        <test-method signature="signInUserTest(java.lang.String,java.lang.String)[pri:1, instance:com.automationexercise.testcases.RegisterNLoginTests@1fa121e2]" started-at="2025-10-18T19:06:02 IST" name="signInUserTest" data-provider="validLoginCredentials" finished-at="2025-10-18T19:06:20 IST" duration-ms="18076" status="PASS">
          <params>
            <param index="0">
              <value>
                <![CDATA[rudra@gmail.com]]>
              </value>
            </param>
            <param index="1">
              <value>
                <![CDATA[newpassword123]]>
              </value>
            </param>
          </params>
          <reporter-output>
          </reporter-output>
        </test-method> <!-- signInUserTest -->
        <test-method signature="registerUsingExistingMailTest(java.lang.String,java.lang.String)[pri:2, instance:com.automationexercise.testcases.RegisterNLoginTests@1fa121e2]" started-at="2025-10-18T19:06:20 IST" name="registerUsingExistingMailTest" data-provider="registerUsingExistingUser" finished-at="2025-10-18T19:06:26 IST" duration-ms="6300" status="PASS">
          <params>
            <param index="0">
              <value>
                <![CDATA[Rudra]]>
              </value>
            </param>
            <param index="1">
              <value>
                <![CDATA[rudra@gmail.com]]>
              </value>
            </param>
          </params>
          <reporter-output>
          </reporter-output>
        </test-method> <!-- registerUsingExistingMailTest -->
        <test-method signature="deleteAccountTest(java.lang.String,java.lang.String)[pri:3, instance:com.automationexercise.testcases.RegisterNLoginTests@1fa121e2]" started-at="2025-10-18T19:06:26 IST" name="deleteAccountTest" data-provider="validLoginCredentials" finished-at="2025-10-18T19:06:39 IST" duration-ms="12097" status="PASS">
          <params>
            <param index="0">
              <value>
                <![CDATA[rudra@gmail.com]]>
              </value>
            </param>
            <param index="1">
              <value>
                <![CDATA[newpassword123]]>
              </value>
            </param>
          </params>
          <reporter-output>
          </reporter-output>
        </test-method> <!-- deleteAccountTest -->
        <test-method signature="loginUsingInvalidValueTest(java.lang.String,java.lang.String)[pri:4, instance:com.automationexercise.testcases.RegisterNLoginTests@1fa121e2]" started-at="2025-10-18T19:06:39 IST" name="loginUsingInvalidValueTest" data-provider="invalidLoginCredentials" finished-at="2025-10-18T19:06:55 IST" duration-ms="16890" status="PASS">
          <params>
            <param index="0">
              <value>
                <![CDATA[rudra2020@gmail.com]]>
              </value>
            </param>
            <param index="1">
              <value>
                <![CDATA[newpassword123]]>
              </value>
            </param>
          </params>
          <reporter-output>
          </reporter-output>
        </test-method> <!-- loginUsingInvalidValueTest -->
        <test-method signature="loginUsingInvalidValueTest(java.lang.String,java.lang.String)[pri:4, instance:com.automationexercise.testcases.RegisterNLoginTests@1fa121e2]" started-at="2025-10-18T19:06:55 IST" name="loginUsingInvalidValueTest" data-provider="invalidLoginCredentials" finished-at="2025-10-18T19:07:03 IST" duration-ms="7330" status="PASS">
          <params>
            <param index="0">
              <value>
                <![CDATA[rudra@gmail.com]]>
              </value>
            </param>
            <param index="1">
              <value>
                <![CDATA[password2123]]>
              </value>
            </param>
          </params>
          <reporter-output>
          </reporter-output>
        </test-method> <!-- loginUsingInvalidValueTest -->
        <test-method is-config="true" signature="teardown()[pri:0, instance:com.automationexercise.testcases.RegisterNLoginTests@1fa121e2]" started-at="2025-10-18T19:07:03 IST" name="teardown" finished-at="2025-10-18T19:07:03 IST" duration-ms="140" status="PASS">
          <reporter-output>
          </reporter-output>
        </test-method> <!-- teardown -->
      </class> <!-- com.automationexercise.testcases.RegisterNLoginTests -->
    </test> <!-- RegisterNLoginuser -->
  </suite> <!-- Mainsuite -->
</testng-results>
